-------------------------------------------------------------------------------
Test set: com.oliota.restfull.maturidade3.upload.IndicadoControllerUploadCsvTest
-------------------------------------------------------------------------------
Tests run: 1, Failures: 1, Errors: 0, Skipped: 0, Time elapsed: 0.027 s <<< FAILURE! - in com.oliota.restfull.maturidade3.upload.IndicadoControllerUploadCsvTest
test  Time elapsed: 0.027 s  <<< FAILURE!
java.lang.AssertionError
	at com.oliota.restfull.maturidade3.upload.IndicadoControllerUploadCsvTest.test(IndicadoControllerUploadCsvTest.java:59)

