<?xml version="1.0" encoding="UTF-8"?>
<testsuite xmlns:xsi="http://www.w3.org/2001/XMLSchema-instance" xsi:noNamespaceSchemaLocation="https://maven.apache.org/surefire/maven-surefire-plugin/xsd/surefire-test-report.xsd" name="com.example.postgresdemo.PostgresDemoApplicationTests" time="0.011" tests="1" errors="1" skipped="0" failures="0">
  <properties>
[...]
</properties>
  <testcase name="initializationError" classname="com.example.postgresdemo.PostgresDemoApplicationTests" time="0.008">
    <error message="Unable to find a @SpringBootConfiguration, you need to use @ContextConfiguration or @SpringBootTest(classes=...) with your test" type="java.lang.IllegalStateException">java.lang.IllegalStateException: Unable to find a @SpringBootConfiguration, you need to use @ContextConfiguration or @SpringBootTest(classes=...) with your test
</error>
    <system-out><![CDATA[16:28:37.827 [main] DEBUG org.springframework.test.context.junit4.SpringJUnit4ClassRunner - SpringJUnit4ClassRunner constructor called with [class com.example.postgresdemo.PostgresDemoApplicationTests]
16:28:37.832 [main] DEBUG org.springframework.test.context.BootstrapUtils - Instantiating CacheAwareContextLoaderDelegate from class [org.springframework.test.context.cache.DefaultCacheAwareContextLoaderDelegate]
16:28:37.841 [main] DEBUG org.springframework.test.context.BootstrapUtils - Instantiating BootstrapContext using constructor [public org.springframework.test.context.support.DefaultBootstrapContext(java.lang.Class,org.springframework.test.context.CacheAwareContextLoaderDelegate)]
16:28:37.872 [main] DEBUG org.springframework.test.context.BootstrapUtils - Instantiating TestContextBootstrapper for test class [com.example.postgresdemo.PostgresDemoApplicationTests] from class [org.springframework.boot.test.context.SpringBootTestContextBootstrapper]
16:28:37.887 [main] INFO org.springframework.boot.test.context.SpringBootTestContextBootstrapper - Neither @ContextConfiguration nor @ContextHierarchy found for test class [com.example.postgresdemo.PostgresDemoApplicationTests], using SpringBootContextLoader
16:28:37.891 [main] DEBUG org.springframework.test.context.support.AbstractContextLoader - Did not detect default resource location for test class [com.example.postgresdemo.PostgresDemoApplicationTests]: class path resource [com/example/postgresdemo/PostgresDemoApplicationTests-context.xml] does not exist
16:28:37.891 [main] DEBUG org.springframework.test.context.support.AbstractContextLoader - Did not detect default resource location for test class [com.example.postgresdemo.PostgresDemoApplicationTests]: class path resource [com/example/postgresdemo/PostgresDemoApplicationTestsContext.groovy] does not exist
16:28:37.891 [main] INFO org.springframework.test.context.support.AbstractContextLoader - Could not detect default resource locations for test class [com.example.postgresdemo.PostgresDemoApplicationTests]: no resource found for suffixes {-context.xml, Context.groovy}.
16:28:37.892 [main] INFO org.springframework.test.context.support.AnnotationConfigContextLoaderUtils - Could not detect default configuration classes for test class [com.example.postgresdemo.PostgresDemoApplicationTests]: PostgresDemoApplicationTests does not declare any static, non-private, non-final, nested classes annotated with @Configuration.
16:28:37.929 [main] DEBUG org.springframework.test.context.support.ActiveProfilesUtils - Could not find an 'annotation declaring class' for annotation type [org.springframework.test.context.ActiveProfiles] and class [com.example.postgresdemo.PostgresDemoApplicationTests]
16:28:38.020 [main] DEBUG org.springframework.test.context.junit4.SpringJUnit4ClassRunner - SpringJUnit4ClassRunner constructor called with [class com.example.postgresdemo.PostgresDemoApplicationTests]
16:28:38.020 [main] DEBUG org.springframework.test.context.BootstrapUtils - Instantiating CacheAwareContextLoaderDelegate from class [org.springframework.test.context.cache.DefaultCacheAwareContextLoaderDelegate]
16:28:38.020 [main] DEBUG org.springframework.test.context.BootstrapUtils - Instantiating BootstrapContext using constructor [public org.springframework.test.context.support.DefaultBootstrapContext(java.lang.Class,org.springframework.test.context.CacheAwareContextLoaderDelegate)]
16:28:38.020 [main] DEBUG org.springframework.test.context.BootstrapUtils - Instantiating TestContextBootstrapper for test class [com.example.postgresdemo.PostgresDemoApplicationTests] from class [org.springframework.boot.test.context.SpringBootTestContextBootstrapper]
16:28:38.021 [main] INFO org.springframework.boot.test.context.SpringBootTestContextBootstrapper - Neither @ContextConfiguration nor @ContextHierarchy found for test class [com.example.postgresdemo.PostgresDemoApplicationTests], using SpringBootContextLoader
16:28:38.021 [main] DEBUG org.springframework.test.context.support.AbstractContextLoader - Did not detect default resource location for test class [com.example.postgresdemo.PostgresDemoApplicationTests]: class path resource [com/example/postgresdemo/PostgresDemoApplicationTests-context.xml] does not exist
16:28:38.022 [main] DEBUG org.springframework.test.context.support.AbstractContextLoader - Did not detect default resource location for test class [com.example.postgresdemo.PostgresDemoApplicationTests]: class path resource [com/example/postgresdemo/PostgresDemoApplicationTestsContext.groovy] does not exist
16:28:38.022 [main] INFO org.springframework.test.context.support.AbstractContextLoader - Could not detect default resource locations for test class [com.example.postgresdemo.PostgresDemoApplicationTests]: no resource found for suffixes {-context.xml, Context.groovy}.
16:28:38.022 [main] INFO org.springframework.test.context.support.AnnotationConfigContextLoaderUtils - Could not detect default configuration classes for test class [com.example.postgresdemo.PostgresDemoApplicationTests]: PostgresDemoApplicationTests does not declare any static, non-private, non-final, nested classes annotated with @Configuration.
16:28:38.024 [main] DEBUG org.springframework.test.context.support.ActiveProfilesUtils - Could not find an 'annotation declaring class' for annotation type [org.springframework.test.context.ActiveProfiles] and class [com.example.postgresdemo.PostgresDemoApplicationTests]
]]></system-out>
  </testcase>
</testsuite>